build/app/intermediates/manifest_merge_blame_file/debug/manifest-merger-blame-debug-report.txt
1<?xml version="1.0" encoding="utf-8"?>
2<manifest xmlns:android="http://schemas.android.com/apk/res/android"
3    package="com.example.accidentapp"
4    android:versionCode="1"
5    android:versionName="1.0.0" >
6
7    <uses-sdk
8        android:minSdkVersion="21"
9        android:targetSdkVersion="30" />
10    <!--
11         The INTERNET permission is required for development. Specifically,
12         the Flutter tool needs it to communicate with the running application
13         to allow setting breakpoints, to provide hot reload, etc.
14    -->
15    <uses-permission android:name="android.permission.INTERNET" />
15-->src\main\AndroidManifest.xml:3:4-66
15-->src\main\AndroidManifest.xml:3:21-63
16    <uses-permission android:name="android.permission.WAKE_LOCK" />
16-->[:firebase_messaging] AndroidManifest.xml:10:5-68
16-->[:firebase_messaging] AndroidManifest.xml:10:22-65
17    <uses-permission android:name="android.permission.ACCESS_NETWORK_STATE" /> <!-- Permissions options for the `notification` group -->
17-->[:firebase_messaging] AndroidManifest.xml:11:5-79
17-->[:firebase_messaging] AndroidManifest.xml:11:22-76
18    <uses-permission android:name="android.permission.POST_NOTIFICATIONS" />
18-->[:firebase_messaging] AndroidManifest.xml:13:5-77
18-->[:firebase_messaging] AndroidManifest.xml:13:22-74
19    <uses-permission android:name="android.permission.RECEIVE_BOOT_COMPLETED" />
19-->[:flutter_local_notifications] AndroidManifest.xml:9:5-81
19-->[:flutter_local_notifications] AndroidManifest.xml:9:22-78
20    <uses-permission android:name="android.permission.VIBRATE" />
20-->[:flutter_local_notifications] AndroidManifest.xml:10:5-66
20-->[:flutter_local_notifications] AndroidManifest.xml:10:22-63
21    <uses-permission android:name="android.permission.USE_FULL_SCREEN_INTENT" />
21-->[:flutter_local_notifications] AndroidManifest.xml:11:5-81
21-->[:flutter_local_notifications] AndroidManifest.xml:11:22-78
22    <uses-permission android:name="android.permission.SCHEDULE_EXACT_ALARM" /> <!-- Required by older versions of Google Play services to create IID tokens -->
22-->[:flutter_local_notifications] AndroidManifest.xml:12:5-79
22-->[:flutter_local_notifications] AndroidManifest.xml:12:22-76
23    <uses-permission android:name="com.google.android.c2dm.permission.RECEIVE" />
23-->[com.google.firebase:firebase-messaging:23.3.1] AndroidManifest.xml:26:5-82
23-->[com.google.firebase:firebase-messaging:23.3.1] AndroidManifest.xml:26:22-79
24
25    <uses-feature
25-->[com.google.android.gms:play-services-maps:18.1.0] AndroidManifest.xml:26:5-28:35
26        android:glEsVersion="0x00020000"
26-->[com.google.android.gms:play-services-maps:18.1.0] AndroidManifest.xml:27:9-41
27        android:required="true" />
27-->[com.google.android.gms:play-services-maps:18.1.0] AndroidManifest.xml:28:9-32
28
29    <queries>
29-->[com.google.android.gms:play-services-maps:18.1.0] AndroidManifest.xml:30:5-34:15
30
31        <!-- Needs to be explicitly declared on Android R+ -->
32        <package android:name="com.google.android.apps.maps" />
32-->[com.google.android.gms:play-services-maps:18.1.0] AndroidManifest.xml:33:9-64
32-->[com.google.android.gms:play-services-maps:18.1.0] AndroidManifest.xml:33:18-61
33    </queries>
34
35    <permission
35-->[androidx.core:core:1.10.1] AndroidManifest.xml:22:5-24:47
36        android:name="com.example.accidentapp.DYNAMIC_RECEIVER_NOT_EXPORTED_PERMISSION"
36-->[androidx.core:core:1.10.1] AndroidManifest.xml:23:9-81
37        android:protectionLevel="signature" />
37-->[androidx.core:core:1.10.1] AndroidManifest.xml:24:9-44
38
39    <uses-permission android:name="com.example.accidentapp.DYNAMIC_RECEIVER_NOT_EXPORTED_PERMISSION" />
39-->[androidx.core:core:1.10.1] AndroidManifest.xml:26:5-97
39-->[androidx.core:core:1.10.1] AndroidManifest.xml:26:22-94
40
41    <application
42        android:name="android.app.Application"
43        android:appComponentFactory="androidx.core.app.CoreComponentFactory"
43-->[androidx.core:core:1.10.1] AndroidManifest.xml:28:18-86
44        android:debuggable="true"
45        android:icon="@mipmap/ic_launcher"
46        android:label="accidentapp" >
47        <meta-data
48            android:name="firebase_messaging_auto_init_enabled"
49            android:value="false" />
50        <meta-data
51            android:name="firebase_analytics_collection_enabled"
52            android:value="false" />
53        <meta-data
54            android:name="com.google.android.geo.API_KEY"
55            android:value="AIzaSyD0EFkWisuONRq84mNM4WwYEr6gkH9VsSg" />
56        <meta-data
57            android:name="com.google.firebase.messaging.default_notification_channel_id"
58            android:value="high_importance_channel" />
59
60        <activity
61            android:name="com.example.accidentapp.MainActivity"
62            android:configChanges="orientation|keyboardHidden|keyboard|screenSize|smallestScreenSize|locale|layoutDirection|fontScale|screenLayout|density|uiMode"
63            android:exported="true"
64            android:hardwareAccelerated="true"
65            android:launchMode="singleTop"
66            android:theme="@style/LaunchTheme"
67            android:windowSoftInputMode="adjustResize" >
68
69            <!--
70                 Specifies an Android theme to apply to this Activity as soon as
71                 the Android process has started. This theme is visible to the user
72                 while the Flutter UI initializes. After that, this theme continues
73                 to determine the Window background behind the Flutter UI.
74            -->
75            <meta-data
76                android:name="io.flutter.embedding.android.NormalTheme"
77                android:resource="@style/NormalTheme" />
78
79            <intent-filter>
80                <action android:name="android.intent.action.MAIN" />
81
82                <category android:name="android.intent.category.LAUNCHER" />
83            </intent-filter>
84        </activity>
85        <!--
86             Don't delete the meta-data below.
87             This is used by the Flutter tool to generate GeneratedPluginRegistrant.java
88        -->
89        <!-- Required to fetch data from the internet. -->
90
91        <meta-data
92            android:name="flutterEmbedding"
93            android:value="2" />
94
95        <service
95-->[:firebase_auth] AndroidManifest.xml:10:9-14:19
96            android:name="com.google.firebase.components.ComponentDiscoveryService"
96-->[:firebase_auth] AndroidManifest.xml:10:18-89
97            android:directBootAware="true"
97-->[com.google.firebase:firebase-common:20.4.2] AndroidManifest.xml:32:13-43
98            android:exported="false" >
98-->[com.google.firebase:firebase-auth:22.3.0] AndroidManifest.xml:68:13-37
99            <meta-data
99-->[:firebase_auth] AndroidManifest.xml:11:13-13:85
100                android:name="com.google.firebase.components:io.flutter.plugins.firebase.auth.FlutterFirebaseAuthRegistrar"
100-->[:firebase_auth] AndroidManifest.xml:12:17-124
101                android:value="com.google.firebase.components.ComponentRegistrar" />
101-->[:firebase_auth] AndroidManifest.xml:13:17-82
102            <meta-data
102-->[:cloud_firestore] AndroidManifest.xml:11:13-13:85
103                android:name="com.google.firebase.components:io.flutter.plugins.firebase.firestore.FlutterFirebaseFirestoreRegistrar"
103-->[:cloud_firestore] AndroidManifest.xml:12:17-134
104                android:value="com.google.firebase.components.ComponentRegistrar" />
104-->[:cloud_firestore] AndroidManifest.xml:13:17-82
105            <meta-data
105-->[:firebase_messaging] AndroidManifest.xml:38:13-40:85
106                android:name="com.google.firebase.components:io.flutter.plugins.firebase.messaging.FlutterFirebaseAppRegistrar"
106-->[:firebase_messaging] AndroidManifest.xml:39:17-128
107                android:value="com.google.firebase.components.ComponentRegistrar" />
107-->[:firebase_messaging] AndroidManifest.xml:40:17-82
108            <meta-data
108-->[:firebase_core] AndroidManifest.xml:11:13-13:85
109                android:name="com.google.firebase.components:io.flutter.plugins.firebase.core.FlutterFirebaseCoreRegistrar"
109-->[:firebase_core] AndroidManifest.xml:12:17-124
110                android:value="com.google.firebase.components.ComponentRegistrar" />
110-->[:firebase_core] AndroidManifest.xml:13:17-82
111            <meta-data
111-->[com.google.firebase:firebase-auth:22.3.0] AndroidManifest.xml:69:13-71:85
112                android:name="com.google.firebase.components:com.google.firebase.auth.FirebaseAuthRegistrar"
112-->[com.google.firebase:firebase-auth:22.3.0] AndroidManifest.xml:70:17-109
113                android:value="com.google.firebase.components.ComponentRegistrar" />
113-->[com.google.firebase:firebase-auth:22.3.0] AndroidManifest.xml:71:17-82
114            <meta-data
114-->[com.google.firebase:firebase-firestore:24.9.1] AndroidManifest.xml:17:13-19:85
115                android:name="com.google.firebase.components:com.google.firebase.firestore.FirebaseFirestoreKtxRegistrar"
115-->[com.google.firebase:firebase-firestore:24.9.1] AndroidManifest.xml:18:17-122
116                android:value="com.google.firebase.components.ComponentRegistrar" />
116-->[com.google.firebase:firebase-firestore:24.9.1] AndroidManifest.xml:19:17-82
117            <meta-data
117-->[com.google.firebase:firebase-firestore:24.9.1] AndroidManifest.xml:20:13-22:85
118                android:name="com.google.firebase.components:com.google.firebase.firestore.FirestoreRegistrar"
118-->[com.google.firebase:firebase-firestore:24.9.1] AndroidManifest.xml:21:17-111
119                android:value="com.google.firebase.components.ComponentRegistrar" />
119-->[com.google.firebase:firebase-firestore:24.9.1] AndroidManifest.xml:22:17-82
120            <meta-data
120-->[com.google.firebase:firebase-messaging:23.3.1] AndroidManifest.xml:57:13-59:85
121                android:name="com.google.firebase.components:com.google.firebase.messaging.FirebaseMessagingKtxRegistrar"
121-->[com.google.firebase:firebase-messaging:23.3.1] AndroidManifest.xml:58:17-122
122                android:value="com.google.firebase.components.ComponentRegistrar" />
122-->[com.google.firebase:firebase-messaging:23.3.1] AndroidManifest.xml:59:17-82
123            <meta-data
123-->[com.google.firebase:firebase-messaging:23.3.1] AndroidManifest.xml:60:13-62:85
124                android:name="com.google.firebase.components:com.google.firebase.messaging.FirebaseMessagingRegistrar"
124-->[com.google.firebase:firebase-messaging:23.3.1] AndroidManifest.xml:61:17-119
125                android:value="com.google.firebase.components.ComponentRegistrar" />
125-->[com.google.firebase:firebase-messaging:23.3.1] AndroidManifest.xml:62:17-82
126            <meta-data
126-->[com.google.firebase:firebase-iid:21.1.0] AndroidManifest.xml:32:13-34:85
127                android:name="com.google.firebase.components:com.google.firebase.iid.Registrar"
127-->[com.google.firebase:firebase-iid:21.1.0] AndroidManifest.xml:33:17-96
128                android:value="com.google.firebase.components.ComponentRegistrar" />
128-->[com.google.firebase:firebase-iid:21.1.0] AndroidManifest.xml:34:17-82
129            <meta-data
129-->[com.google.firebase:firebase-installations:17.2.0] AndroidManifest.xml:15:13-17:85
130                android:name="com.google.firebase.components:com.google.firebase.installations.FirebaseInstallationsKtxRegistrar"
130-->[com.google.firebase:firebase-installations:17.2.0] AndroidManifest.xml:16:17-130
131                android:value="com.google.firebase.components.ComponentRegistrar" />
131-->[com.google.firebase:firebase-installations:17.2.0] AndroidManifest.xml:17:17-82
132            <meta-data
132-->[com.google.firebase:firebase-installations:17.2.0] AndroidManifest.xml:18:13-20:85
133                android:name="com.google.firebase.components:com.google.firebase.installations.FirebaseInstallationsRegistrar"
133-->[com.google.firebase:firebase-installations:17.2.0] AndroidManifest.xml:19:17-127
134                android:value="com.google.firebase.components.ComponentRegistrar" />
134-->[com.google.firebase:firebase-installations:17.2.0] AndroidManifest.xml:20:17-82
135            <meta-data
135-->[com.google.firebase:firebase-common-ktx:20.4.2] AndroidManifest.xml:12:13-14:85
136                android:name="com.google.firebase.components:com.google.firebase.ktx.FirebaseCommonLegacyRegistrar"
136-->[com.google.firebase:firebase-common-ktx:20.4.2] AndroidManifest.xml:13:17-116
137                android:value="com.google.firebase.components.ComponentRegistrar" />
137-->[com.google.firebase:firebase-common-ktx:20.4.2] AndroidManifest.xml:14:17-82
138            <meta-data
138-->[com.google.firebase:firebase-common:20.4.2] AndroidManifest.xml:35:13-37:85
139                android:name="com.google.firebase.components:com.google.firebase.FirebaseCommonKtxRegistrar"
139-->[com.google.firebase:firebase-common:20.4.2] AndroidManifest.xml:36:17-109
140                android:value="com.google.firebase.components.ComponentRegistrar" />
140-->[com.google.firebase:firebase-common:20.4.2] AndroidManifest.xml:37:17-82
141            <meta-data
141-->[com.google.firebase:firebase-datatransport:18.1.7] AndroidManifest.xml:27:13-29:85
142                android:name="com.google.firebase.components:com.google.firebase.datatransport.TransportRegistrar"
142-->[com.google.firebase:firebase-datatransport:18.1.7] AndroidManifest.xml:28:17-115
143                android:value="com.google.firebase.components.ComponentRegistrar" />
143-->[com.google.firebase:firebase-datatransport:18.1.7] AndroidManifest.xml:29:17-82
144        </service>
145        <service
145-->[:firebase_messaging] AndroidManifest.xml:16:9-19:72
146            android:name="io.flutter.plugins.firebase.messaging.FlutterFirebaseMessagingBackgroundService"
146-->[:firebase_messaging] AndroidManifest.xml:17:13-107
147            android:exported="false"
147-->[:firebase_messaging] AndroidManifest.xml:18:13-37
148            android:permission="android.permission.BIND_JOB_SERVICE" />
148-->[:firebase_messaging] AndroidManifest.xml:19:13-69
149        <service
149-->[:firebase_messaging] AndroidManifest.xml:20:9-26:19
150            android:name="io.flutter.plugins.firebase.messaging.FlutterFirebaseMessagingService"
150-->[:firebase_messaging] AndroidManifest.xml:21:13-97
151            android:exported="false" >
151-->[:firebase_messaging] AndroidManifest.xml:22:13-37
152            <intent-filter>
152-->[:firebase_messaging] AndroidManifest.xml:23:13-25:29
153                <action android:name="com.google.firebase.MESSAGING_EVENT" />
153-->[:firebase_messaging] AndroidManifest.xml:24:17-78
153-->[:firebase_messaging] AndroidManifest.xml:24:25-75
154            </intent-filter>
155        </service>
156
157        <receiver
157-->[:firebase_messaging] AndroidManifest.xml:28:9-35:20
158            android:name="io.flutter.plugins.firebase.messaging.FlutterFirebaseMessagingReceiver"
158-->[:firebase_messaging] AndroidManifest.xml:29:13-98
159            android:exported="true"
159-->[:firebase_messaging] AndroidManifest.xml:30:13-36
160            android:permission="com.google.android.c2dm.permission.SEND" >
160-->[:firebase_messaging] AndroidManifest.xml:31:13-73
161            <intent-filter>
161-->[:firebase_messaging] AndroidManifest.xml:32:13-34:29
162                <action android:name="com.google.android.c2dm.intent.RECEIVE" />
162-->[:firebase_messaging] AndroidManifest.xml:33:17-81
162-->[:firebase_messaging] AndroidManifest.xml:33:25-78
163            </intent-filter>
164        </receiver>
165
166        <provider
166-->[:firebase_messaging] AndroidManifest.xml:43:9-47:38
167            android:name="io.flutter.plugins.firebase.messaging.FlutterFirebaseMessagingInitProvider"
167-->[:firebase_messaging] AndroidManifest.xml:44:13-102
168            android:authorities="com.example.accidentapp.flutterfirebasemessaginginitprovider"
168-->[:firebase_messaging] AndroidManifest.xml:45:13-88
169            android:exported="false"
169-->[:firebase_messaging] AndroidManifest.xml:46:13-37
170            android:initOrder="99" />
170-->[:firebase_messaging] AndroidManifest.xml:47:13-35
171
172        <receiver
172-->[:flutter_local_notifications] AndroidManifest.xml:16:9-18:40
173            android:name="com.dexterous.flutterlocalnotifications.ScheduledNotificationReceiver"
173-->[:flutter_local_notifications] AndroidManifest.xml:17:13-97
174            android:exported="false" />
174-->[:flutter_local_notifications] AndroidManifest.xml:18:13-37
175        <receiver
175-->[:flutter_local_notifications] AndroidManifest.xml:19:9-28:20
176            android:name="com.dexterous.flutterlocalnotifications.ScheduledNotificationBootReceiver"
176-->[:flutter_local_notifications] AndroidManifest.xml:20:13-101
177            android:exported="false" >
177-->[:flutter_local_notifications] AndroidManifest.xml:21:13-37
178            <intent-filter>
178-->[:flutter_local_notifications] AndroidManifest.xml:22:13-27:29
179                <action android:name="android.intent.action.BOOT_COMPLETED" />
179-->[:flutter_local_notifications] AndroidManifest.xml:23:17-79
179-->[:flutter_local_notifications] AndroidManifest.xml:23:25-76
180                <action android:name="android.intent.action.MY_PACKAGE_REPLACED" />
180-->[:flutter_local_notifications] AndroidManifest.xml:24:17-84
180-->[:flutter_local_notifications] AndroidManifest.xml:24:25-81
181                <action android:name="android.intent.action.QUICKBOOT_POWERON" />
181-->[:flutter_local_notifications] AndroidManifest.xml:25:17-82
181-->[:flutter_local_notifications] AndroidManifest.xml:25:25-79
182                <action android:name="com.htc.intent.action.QUICKBOOT_POWERON" />
182-->[:flutter_local_notifications] AndroidManifest.xml:26:17-82
182-->[:flutter_local_notifications] AndroidManifest.xml:26:25-79
183            </intent-filter>
184        </receiver>
185
186        <activity
186-->[:url_launcher_android] AndroidManifest.xml:10:9-13:74
187            android:name="io.flutter.plugins.urllauncher.WebViewActivity"
187-->[:url_launcher_android] AndroidManifest.xml:11:13-74
188            android:exported="false"
188-->[:url_launcher_android] AndroidManifest.xml:12:13-37
189            android:theme="@android:style/Theme.NoTitleBar.Fullscreen" />
189-->[:url_launcher_android] AndroidManifest.xml:13:13-71
190        <activity
190-->[com.google.firebase:firebase-auth:22.3.0] AndroidManifest.xml:29:9-46:20
191            android:name="com.google.firebase.auth.internal.GenericIdpActivity"
191-->[com.google.firebase:firebase-auth:22.3.0] AndroidManifest.xml:30:13-80
192            android:excludeFromRecents="true"
192-->[com.google.firebase:firebase-auth:22.3.0] AndroidManifest.xml:31:13-46
193            android:exported="true"
193-->[com.google.firebase:firebase-auth:22.3.0] AndroidManifest.xml:32:13-36
194            android:launchMode="singleTask"
194-->[com.google.firebase:firebase-auth:22.3.0] AndroidManifest.xml:33:13-44
195            android:theme="@android:style/Theme.Translucent.NoTitleBar" >
195-->[com.google.firebase:firebase-auth:22.3.0] AndroidManifest.xml:34:13-72
196            <intent-filter>
196-->[com.google.firebase:firebase-auth:22.3.0] AndroidManifest.xml:35:13-45:29
197                <action android:name="android.intent.action.VIEW" />
197-->[com.google.firebase:firebase-auth:22.3.0] AndroidManifest.xml:36:17-69
197-->[com.google.firebase:firebase-auth:22.3.0] AndroidManifest.xml:36:25-66
198
199                <category android:name="android.intent.category.DEFAULT" />
199-->[com.google.firebase:firebase-auth:22.3.0] AndroidManifest.xml:38:17-76
199-->[com.google.firebase:firebase-auth:22.3.0] AndroidManifest.xml:38:27-73
200                <category android:name="android.intent.category.BROWSABLE" />
200-->[com.google.firebase:firebase-auth:22.3.0] AndroidManifest.xml:39:17-78
200-->[com.google.firebase:firebase-auth:22.3.0] AndroidManifest.xml:39:27-75
201
202                <data
202-->[com.google.firebase:firebase-auth:22.3.0] AndroidManifest.xml:41:17-44:51
203                    android:host="firebase.auth"
203-->[com.google.firebase:firebase-auth:22.3.0] AndroidManifest.xml:42:21-49
204                    android:path="/"
204-->[com.google.firebase:firebase-auth:22.3.0] AndroidManifest.xml:43:21-37
205                    android:scheme="genericidp" />
205-->[com.google.firebase:firebase-auth:22.3.0] AndroidManifest.xml:44:21-48
206            </intent-filter>
207        </activity>
208        <activity
208-->[com.google.firebase:firebase-auth:22.3.0] AndroidManifest.xml:47:9-64:20
209            android:name="com.google.firebase.auth.internal.RecaptchaActivity"
209-->[com.google.firebase:firebase-auth:22.3.0] AndroidManifest.xml:48:13-79
210            android:excludeFromRecents="true"
210-->[com.google.firebase:firebase-auth:22.3.0] AndroidManifest.xml:49:13-46
211            android:exported="true"
211-->[com.google.firebase:firebase-auth:22.3.0] AndroidManifest.xml:50:13-36
212            android:launchMode="singleTask"
212-->[com.google.firebase:firebase-auth:22.3.0] AndroidManifest.xml:51:13-44
213            android:theme="@android:style/Theme.Translucent.NoTitleBar" >
213-->[com.google.firebase:firebase-auth:22.3.0] AndroidManifest.xml:52:13-72
214            <intent-filter>
214-->[com.google.firebase:firebase-auth:22.3.0] AndroidManifest.xml:53:13-63:29
215                <action android:name="android.intent.action.VIEW" />
215-->[com.google.firebase:firebase-auth:22.3.0] AndroidManifest.xml:36:17-69
215-->[com.google.firebase:firebase-auth:22.3.0] AndroidManifest.xml:36:25-66
216
217                <category android:name="android.intent.category.DEFAULT" />
217-->[com.google.firebase:firebase-auth:22.3.0] AndroidManifest.xml:38:17-76
217-->[com.google.firebase:firebase-auth:22.3.0] AndroidManifest.xml:38:27-73
218                <category android:name="android.intent.category.BROWSABLE" />
218-->[com.google.firebase:firebase-auth:22.3.0] AndroidManifest.xml:39:17-78
218-->[com.google.firebase:firebase-auth:22.3.0] AndroidManifest.xml:39:27-75
219
220                <data
220-->[com.google.firebase:firebase-auth:22.3.0] AndroidManifest.xml:41:17-44:51
221                    android:host="firebase.auth"
221-->[com.google.firebase:firebase-auth:22.3.0] AndroidManifest.xml:42:21-49
222                    android:path="/"
222-->[com.google.firebase:firebase-auth:22.3.0] AndroidManifest.xml:43:21-37
223                    android:scheme="recaptcha" />
223-->[com.google.firebase:firebase-auth:22.3.0] AndroidManifest.xml:44:21-48
224            </intent-filter>
225        </activity>
226
227        <receiver
227-->[com.google.firebase:firebase-messaging:23.3.1] AndroidManifest.xml:29:9-40:20
228            android:name="com.google.firebase.iid.FirebaseInstanceIdReceiver"
228-->[com.google.firebase:firebase-messaging:23.3.1] AndroidManifest.xml:30:13-78
229            android:exported="true"
229-->[com.google.firebase:firebase-messaging:23.3.1] AndroidManifest.xml:31:13-36
230            android:permission="com.google.android.c2dm.permission.SEND" >
230-->[com.google.firebase:firebase-messaging:23.3.1] AndroidManifest.xml:32:13-73
231            <intent-filter>
231-->[:firebase_messaging] AndroidManifest.xml:32:13-34:29
232                <action android:name="com.google.android.c2dm.intent.RECEIVE" />
232-->[:firebase_messaging] AndroidManifest.xml:33:17-81
232-->[:firebase_messaging] AndroidManifest.xml:33:25-78
233            </intent-filter>
234
235            <meta-data
235-->[com.google.firebase:firebase-messaging:23.3.1] AndroidManifest.xml:37:13-39:40
236                android:name="com.google.android.gms.cloudmessaging.FINISHED_AFTER_HANDLED"
236-->[com.google.firebase:firebase-messaging:23.3.1] AndroidManifest.xml:38:17-92
237                android:value="true" />
237-->[com.google.firebase:firebase-messaging:23.3.1] AndroidManifest.xml:39:17-37
238        </receiver>
239        <!--
240             FirebaseMessagingService performs security checks at runtime,
241             but set to not exported to explicitly avoid allowing another app to call it.
242        -->
243        <service
243-->[com.google.firebase:firebase-messaging:23.3.1] AndroidManifest.xml:46:9-53:19
244            android:name="com.google.firebase.messaging.FirebaseMessagingService"
244-->[com.google.firebase:firebase-messaging:23.3.1] AndroidManifest.xml:47:13-82
245            android:directBootAware="true"
245-->[com.google.firebase:firebase-messaging:23.3.1] AndroidManifest.xml:48:13-43
246            android:exported="false" >
246-->[com.google.firebase:firebase-messaging:23.3.1] AndroidManifest.xml:49:13-37
247            <intent-filter android:priority="-500" >
247-->[:firebase_messaging] AndroidManifest.xml:23:13-25:29
248                <action android:name="com.google.firebase.MESSAGING_EVENT" />
248-->[:firebase_messaging] AndroidManifest.xml:24:17-78
248-->[:firebase_messaging] AndroidManifest.xml:24:25-75
249            </intent-filter>
250        </service>
251
252        <provider
252-->[com.google.firebase:firebase-common:20.4.2] AndroidManifest.xml:23:9-28:39
253            android:name="com.google.firebase.provider.FirebaseInitProvider"
253-->[com.google.firebase:firebase-common:20.4.2] AndroidManifest.xml:24:13-77
254            android:authorities="com.example.accidentapp.firebaseinitprovider"
254-->[com.google.firebase:firebase-common:20.4.2] AndroidManifest.xml:25:13-72
255            android:directBootAware="true"
255-->[com.google.firebase:firebase-common:20.4.2] AndroidManifest.xml:26:13-43
256            android:exported="false"
256-->[com.google.firebase:firebase-common:20.4.2] AndroidManifest.xml:27:13-37
257            android:initOrder="100" />
257-->[com.google.firebase:firebase-common:20.4.2] AndroidManifest.xml:28:13-36
258
259        <uses-library
259-->[androidx.window:window:1.0.0-beta04] AndroidManifest.xml:25:9-27:40
260            android:name="androidx.window.extensions"
260-->[androidx.window:window:1.0.0-beta04] AndroidManifest.xml:26:13-54
261            android:required="false" />
261-->[androidx.window:window:1.0.0-beta04] AndroidManifest.xml:27:13-37
262        <uses-library
262-->[androidx.window:window:1.0.0-beta04] AndroidManifest.xml:28:9-30:40
263            android:name="androidx.window.sidecar"
263-->[androidx.window:window:1.0.0-beta04] AndroidManifest.xml:29:13-51
264            android:required="false" /> <!-- Needs to be explicitly declared on P+ -->
264-->[androidx.window:window:1.0.0-beta04] AndroidManifest.xml:30:13-37
265        <uses-library
265-->[com.google.android.gms:play-services-maps:18.1.0] AndroidManifest.xml:39:9-41:40
266            android:name="org.apache.http.legacy"
266-->[com.google.android.gms:play-services-maps:18.1.0] AndroidManifest.xml:40:13-50
267            android:required="false" />
267-->[com.google.android.gms:play-services-maps:18.1.0] AndroidManifest.xml:41:13-37
268
269        <activity
269-->[com.google.android.gms:play-services-base:18.0.1] AndroidManifest.xml:20:9-22:45
270            android:name="com.google.android.gms.common.api.GoogleApiActivity"
270-->[com.google.android.gms:play-services-base:18.0.1] AndroidManifest.xml:20:19-85
271            android:exported="false"
271-->[com.google.android.gms:play-services-base:18.0.1] AndroidManifest.xml:22:19-43
272            android:theme="@android:style/Theme.Translucent.NoTitleBar" />
272-->[com.google.android.gms:play-services-base:18.0.1] AndroidManifest.xml:21:19-78
273
274        <meta-data
274-->[com.google.android.gms:play-services-basement:18.1.0] AndroidManifest.xml:21:9-23:69
275            android:name="com.google.android.gms.version"
275-->[com.google.android.gms:play-services-basement:18.1.0] AndroidManifest.xml:22:13-58
276            android:value="@integer/google_play_services_version" />
276-->[com.google.android.gms:play-services-basement:18.1.0] AndroidManifest.xml:23:13-66
277
278        <service
278-->[com.google.android.datatransport:transport-backend-cct:3.1.8] AndroidManifest.xml:28:9-34:19
279            android:name="com.google.android.datatransport.runtime.backends.TransportBackendDiscovery"
279-->[com.google.android.datatransport:transport-backend-cct:3.1.8] AndroidManifest.xml:29:13-103
280            android:exported="false" >
280-->[com.google.android.datatransport:transport-backend-cct:3.1.8] AndroidManifest.xml:30:13-37
281            <meta-data
281-->[com.google.android.datatransport:transport-backend-cct:3.1.8] AndroidManifest.xml:31:13-33:39
282                android:name="backend:com.google.android.datatransport.cct.CctBackendFactory"
282-->[com.google.android.datatransport:transport-backend-cct:3.1.8] AndroidManifest.xml:32:17-94
283                android:value="cct" />
283-->[com.google.android.datatransport:transport-backend-cct:3.1.8] AndroidManifest.xml:33:17-36
284        </service>
285        <service
285-->[com.google.android.datatransport:transport-runtime:3.1.8] AndroidManifest.xml:26:9-30:19
286            android:name="com.google.android.datatransport.runtime.scheduling.jobscheduling.JobInfoSchedulerService"
286-->[com.google.android.datatransport:transport-runtime:3.1.8] AndroidManifest.xml:27:13-117
287            android:exported="false"
287-->[com.google.android.datatransport:transport-runtime:3.1.8] AndroidManifest.xml:28:13-37
288            android:permission="android.permission.BIND_JOB_SERVICE" >
288-->[com.google.android.datatransport:transport-runtime:3.1.8] AndroidManifest.xml:29:13-69
289        </service>
290
291        <receiver
291-->[com.google.android.datatransport:transport-runtime:3.1.8] AndroidManifest.xml:32:9-34:40